<?xml version="1.0" encoding="UTF-8"?>
<!-- Generated by org.testng.reporters.JUnitReportReporter -->
<testsuite hostname="DESKTOP-GUNS1RT" failures="0" tests="1" name="pms_lock_hr.Review_PMS_lock_EMP" time="30.078" errors="0" timestamp="2022-09-09T11:07:48 IST" skipped="0">
  <testcase classname="pms_lock_hr.Review_PMS_lock_EMP" name="test_emp" time="30.078"/>
  <system-out/>
</testsuite> <!-- pms_lock_hr.Review_PMS_lock_EMP -->
