<?xml version="1.0" encoding="UTF-8"?>
<!-- Generated by org.testng.reporters.JUnitReportReporter -->
<testsuite hostname="DESKTOP-GUNS1RT" failures="0" tests="1" name="pms_lock_hr.PMS_Lock" time="50.822" errors="0" timestamp="2022-09-09T11:07:48 IST" skipped="0">
  <testcase classname="pms_lock_hr.PMS_Lock" name="lock" time="50.822"/>
  <system-out/>
</testsuite> <!-- pms_lock_hr.PMS_Lock -->
