<?xml version="1.0" encoding="UTF-8"?>
<!-- Generated by org.testng.reporters.JUnitReportReporter -->
<testsuite hostname="DESKTOP-GUNS1RT" failures="0" tests="1" name="test_pms.Employee_Rating" time="95.075" errors="0" timestamp="2022-08-30T00:13:23 IST" skipped="0">
  <testcase classname="test_pms.Employee_Rating" name="pms_module" time="95.075"/>
  <system-out/>
</testsuite> <!-- test_pms.Employee_Rating -->
