<?xml version="1.0" encoding="UTF-8"?>
<!-- Generated by org.testng.reporters.JUnitReportReporter -->
<testsuite hostname="DESKTOP-GUNS1RT" failures="0" tests="1" name="manager_pms.manager_Rating5" time="68.512" errors="0" timestamp="2022-09-05T12:51:07 IST" skipped="0">
  <testcase classname="manager_pms.manager_Rating5" name="pms_module" time="68.512"/>
  <system-out/>
</testsuite> <!-- manager_pms.manager_Rating5 -->
