<?xml version="1.0" encoding="UTF-8"?>
<!-- Generated by org.testng.reporters.JUnitReportReporter -->
<testsuite hostname="DESKTOP-GUNS1RT" failures="0" tests="1" name="status.Employee_Status" time="25.663" errors="0" timestamp="2022-09-05T12:34:46 IST" skipped="0">
  <testcase classname="status.Employee_Status" name="status" time="25.663"/>
  <system-out/>
</testsuite> <!-- status.Employee_Status -->
