<?xml version="1.0" encoding="UTF-8"?>
<!-- Generated by org.testng.reporters.JUnitReportReporter -->
<testsuite hostname="DESKTOP-GUNS1RT" failures="0" tests="3" name="cross_user_login.User_Login" time="74.431" errors="0" timestamp="2022-08-30T10:41:56 IST" skipped="0">
  <testcase classname="cross_user_login.User_Login" name="emp_log" time="26.723"/>
  <system-out/>
  <testcase classname="cross_user_login.User_Login" name="hr_login" time="22.393"/>
  <system-out/>
  <testcase classname="cross_user_login.User_Login" name="manager_login" time="25.315"/>
  <system-out/>
</testsuite> <!-- cross_user_login.User_Login -->
