<?xml version="1.0" encoding="UTF-8"?>
<!-- Generated by org.testng.reporters.JUnitReportReporter -->
<testsuite hostname="DESKTOP-GUNS1RT" failures="0" tests="1" name="test_pms.manager_Rating" time="62.016" errors="0" timestamp="2022-08-30T10:38:53 IST" skipped="0">
  <testcase classname="test_pms.manager_Rating" name="pms_module" time="62.016"/>
  <system-out/>
</testsuite> <!-- test_pms.manager_Rating -->
