<?xml version="1.0" encoding="UTF-8"?>
<!-- Generated by org.testng.reporters.JUnitReportReporter -->
<testsuite hostname="DESKTOP-GUNS1RT" failures="0" tests="1" name="status.Manager_status_Review6" time="27.282" errors="0" timestamp="2022-09-05T12:55:57 IST" skipped="0">
  <testcase classname="status.Manager_status_Review6" name="status" time="27.282"/>
  <system-out/>
</testsuite> <!-- status.Manager_status_Review6 -->
