<?xml version="1.0" encoding="UTF-8"?>
<!-- Generated by org.testng.reporters.JUnitReportReporter -->
<testsuite hostname="DESKTOP-GUNS1RT" failures="0" tests="1" name="status.Employee_Status4" time="37.617" errors="0" timestamp="2022-09-06T12:36:19 IST" skipped="0">
  <testcase classname="status.Employee_Status4" name="status" time="37.617"/>
  <system-out/>
</testsuite> <!-- status.Employee_Status4 -->
