<?xml version="1.0" encoding="UTF-8"?>
<!-- Generated by org.testng.reporters.JUnitReportReporter -->
<testsuite hostname="DESKTOP-GUNS1RT" failures="0" tests="1" name="manager_pms.Manager_review_employeeRating" time="54.625" errors="0" timestamp="2022-09-02T15:44:16 IST" skipped="0">
  <testcase classname="manager_pms.Manager_review_employeeRating" name="pms_module" time="54.625"/>
  <system-out/>
</testsuite> <!-- manager_pms.Manager_review_employeeRating -->
