<?xml version="1.0" encoding="UTF-8"?>
<!-- Generated by org.testng.reporters.JUnitReportReporter -->
<testsuite hostname="DESKTOP-GUNS1RT" failures="0" tests="1" name="sr_manager_apprval.Senior_Manager" time="75.430" errors="0" timestamp="2022-09-05T12:27:40 IST" skipped="0">
  <testcase classname="sr_manager_apprval.Senior_Manager" name="manager" time="75.430"/>
  <system-out/>
</testsuite> <!-- sr_manager_apprval.Senior_Manager -->
