<?xml version="1.0" encoding="UTF-8"?>
<!-- Generated by org.testng.reporters.JUnitReportReporter -->
<testsuite hostname="DESKTOP-GUNS1RT" failures="0" tests="1" name="employee_pms.Emp_Login_Appraisal" time="63.328" errors="0" timestamp="2022-09-01T11:22:48 IST" skipped="0">
  <testcase classname="employee_pms.Emp_Login_Appraisal" name="rating" time="63.328"/>
  <system-out/>
</testsuite> <!-- employee_pms.Emp_Login_Appraisal -->
