<?xml version="1.0" encoding="UTF-8"?>
<!-- Generated by org.testng.reporters.JUnitReportReporter -->
<testsuite hostname="DESKTOP-GUNS1RT" failures="0" tests="1" name="status.Manager_status_Review" time="28.560" errors="0" timestamp="2022-09-05T12:17:54 IST" skipped="0">
  <testcase classname="status.Manager_status_Review" name="status" time="28.560"/>
  <system-out/>
</testsuite> <!-- status.Manager_status_Review -->
