<?xml version="1.0" encoding="UTF-8"?>
<!-- Generated by org.testng.reporters.JUnitReportReporter -->
<testsuite hostname="DESKTOP-GUNS1RT" failures="0" tests="1" name="test_pms.Read_only_emp_profile" time="27.530" errors="0" timestamp="2022-08-29T18:07:55 IST" skipped="0">
  <testcase classname="test_pms.Read_only_emp_profile" name="emp_profile" time="27.530"/>
  <system-out/>
</testsuite> <!-- test_pms.Read_only_emp_profile -->
